2024-04-20 11:45:42,695 Using selector: EpollSelector
2024-04-20 11:45:43,369 Error: BrowserType.launch: Target page, context or browser has been closed
Browser logs:

<launching> /home/runner/.cache/ms-playwright/chromium-1112/chrome-linux/chrome --disable-field-trial-config --disable-background-networking --enable-features=NetworkService,NetworkServiceInProcess --disable-background-timer-throttling --disable-backgrounding-occluded-windows --disable-back-forward-cache --disable-breakpad --disable-client-side-phishing-detection --disable-component-extensions-with-background-pages --disable-component-update --no-default-browser-check --disable-default-apps --disable-dev-shm-usage --disable-extensions --disable-features=ImprovedCookieControls,LazyFrameLoading,GlobalMediaControls,DestroyProfileOnBrowserClose,MediaRouter,DialMediaRouteProvider,AcceptCHFrame,AutoExpandDetailsElement,CertificateTransparencyComponentUpdater,AvoidUnnecessaryBeforeUnloadCheckSync,Translate,HttpsUpgrades,PaintHolding --allow-pre-commit-input --disable-hang-monitor --disable-ipc-flooding-protection --disable-popup-blocking --disable-prompt-on-repost --disable-renderer-backgrounding --force-color-profile=srgb --metrics-recording-only --no-first-run --enable-automation --password-store=basic --use-mock-keychain --no-service-autorun --export-tagged-pdf --disable-search-engine-choice-screen --headless --hide-scrollbars --mute-audio --blink-settings=primaryHoverType=2,availableHoverTypes=2,primaryPointerType=4,availablePointerTypes=4 --no-sandbox --disable-gpu --single-process --user-data-dir=/tmp/playwright_chromiumdev_profile-cdzgrl --remote-debugging-pipe --no-startup-window
<launched> pid=3092
[pid=3092][err] [0420/114543.012744:WARNING:audio_manager_linux.cc(53)] Falling back to ALSA for audio output. PulseAudio is not available or could not be initialized.
[pid=3092][err] Received signal 11 SI_KERNEL000000000000
[pid=3092][err]  Possibly a General Protection Fault, can be due to a non-canonical address dereference. See "Intel 64 and IA-32 Architectures Software Developer’s Manual", Volume 1, Section 3.3.7.1.
[pid=3092][err] #0 0x556d695757b2 base::debug::CollectStackTrace()
[pid=3092][err] #1 0x556d69563383 base::debug::StackTrace::StackTrace()
[pid=3092][err] #2 0x556d695751d1 base::debug::(anonymous namespace)::StackDumpSignalHandler()
[pid=3092][err] #3 0x7f0c56c42520 (/usr/lib/x86_64-linux-gnu/libc.so.6+0x4251f)
[pid=3092][err] #4 0x7f0c56c44c1d getenv
[pid=3092][err] #5 0x556d69f4886f FcDirChecksum
[pid=3092][err] #6 0x556d69f48774 FcDirCacheBuild
[pid=3092][err] #7 0x556d69f4e3d3 FcDirCacheScan
[pid=3092][err] #8 0x556d69f4e45b IA__FcDirCacheRead
[pid=3092][err] #9 0x556d69f43a17 FcConfigAddDirList
[pid=3092][err] #10 0x556d69f43962 IA__FcConfigBuildFonts
[pid=3092][err] #11 0x556d69f52c91 IA__FcInitLoadConfigAndFonts
[pid=3092][err] #12 0x556d69f42eb1 FcConfigInit
[pid=3092][err] #13 0x556d6a7e0e55 base::NoDestructor<>::NoDestructor<>()
[pid=3092][err] #14 0x556d6a7e0de6 base::internal::Invoker<>::RunOnce()
[pid=3092][err] #15 0x556d6950787f base::TaskAnnotator::RunTaskImpl()
[pid=3092][err] #16 0x556d6952a287 base::internal::TaskTracker::RunTaskImpl()
[pid=3092][err] #17 0x556d6952a321 base::internal::TaskTracker::RunSkipOnShutdown()
[pid=3092][err] #18 0x556d6952a006 base::internal::TaskTracker::RunTask()
[pid=3092][err] #19 0x556d69529b76 base::internal::TaskTracker::RunAndPopNextTask()
[pid=3092][err] #20 0x556d6953c848 base::internal::WorkerThread::RunWorker()
[pid=3092][err] #21 0x556d6953c46d base::internal::WorkerThread::RunPooledWorker()
[pid=3092][err] #22 0x556d6953c36d base::internal::WorkerThread::ThreadMain()
[pid=3092][err] #23 0x556d69558fbf base::(anonymous namespace)::ThreadFunc()
[pid=3092][err] #24 0x7f0c56c94ac3 (/usr/lib/x86_64-linux-gnu/libc.so.6+0x94ac2)
[pid=3092][err] #25 0x7f0c56d26850 (/usr/lib/x86_64-linux-gnu/libc.so.6+0x12684f)
[pid=3092][err]   r8: 000000000006c000  r9: 000002300006d900 r10: 0000556d705b0dc0 r11: aaaaaaaaaaaaaaaa
[pid=3092][err]  r12: 00dc2200782a0000 r13: 0000000000000011 r14: 000000000000000f r15: 0000556d626322c4
[pid=3092][err]   di: 0000556d626322c2  si: 0000000000000000  bp: 0000000000004f53  bx: 00002a780022c800
[pid=3092][err]   dx: 0000556d626322c2  ax: 0000000000000011  cx: c0d7060030020000  sp: 00007f0c521fbb80
[pid=3092][err]   ip: 00007f0c56c44c1d efl: 0000000000010206 cgf: 002b000000000033 erf: 0000000000000000
[pid=3092][err]  trp: 000000000000000d msk: 0000000000000000 cr2: 0000000000000000
[pid=3092][err] [end of stack trace]
Call log:
<launching> /home/runner/.cache/ms-playwright/chromium-1112/chrome-linux/chrome --disable-field-trial-config --disable-background-networking --enable-features=NetworkService,NetworkServiceInProcess --disable-background-timer-throttling --disable-backgrounding-occluded-windows --disable-back-forward-cache --disable-breakpad --disable-client-side-phishing-detection --disable-component-extensions-with-background-pages --disable-component-update --no-default-browser-check --disable-default-apps --disable-dev-shm-usage --disable-extensions --disable-features=ImprovedCookieControls,LazyFrameLoading,GlobalMediaControls,DestroyProfileOnBrowserClose,MediaRouter,DialMediaRouteProvider,AcceptCHFrame,AutoExpandDetailsElement,CertificateTransparencyComponentUpdater,AvoidUnnecessaryBeforeUnloadCheckSync,Translate,HttpsUpgrades,PaintHolding --allow-pre-commit-input --disable-hang-monitor --disable-ipc-flooding-protection --disable-popup-blocking --disable-prompt-on-repost --disable-renderer-backgrounding --force-color-profile=srgb --metrics-recording-only --no-first-run --enable-automation --password-store=basic --use-mock-keychain --no-service-autorun --export-tagged-pdf --disable-search-engine-choice-screen --headless --hide-scrollbars --mute-audio --blink-settings=primaryHoverType=2,availableHoverTypes=2,primaryPointerType=4,availablePointerTypes=4 --no-sandbox --disable-gpu --single-process --user-data-dir=/tmp/playwright_chromiumdev_profile-cdzgrl --remote-debugging-pipe --no-startup-window
  - <launched> pid=3092
  - [pid=3092][err] [0420/114543.012744:WARNING:audio_manager_linux.cc(53)] Falling back to ALSA for audio output. PulseAudio is not available or could not be initialized.
  - [pid=3092][err] Received signal 11 SI_KERNEL000000000000
  - [pid=3092][err]  Possibly a General Protection Fault, can be due to a non-canonical address dereference. See "Intel 64 and IA-32 Architectures Software Developer’s Manual", Volume 1, Section 3.3.7.1.
  - [pid=3092][err] #0 0x556d695757b2 base::debug::CollectStackTrace()
  - [pid=3092][err] #1 0x556d69563383 base::debug::StackTrace::StackTrace()
  - [pid=3092][err] #2 0x556d695751d1 base::debug::(anonymous namespace)::StackDumpSignalHandler()
  - [pid=3092][err] #3 0x7f0c56c42520 (/usr/lib/x86_64-linux-gnu/libc.so.6+0x4251f)
  - [pid=3092][err] #4 0x7f0c56c44c1d getenv
  - [pid=3092][err] #5 0x556d69f4886f FcDirChecksum
  - [pid=3092][err] #6 0x556d69f48774 FcDirCacheBuild
  - [pid=3092][err] #7 0x556d69f4e3d3 FcDirCacheScan
  - [pid=3092][err] #8 0x556d69f4e45b IA__FcDirCacheRead
  - [pid=3092][err] #9 0x556d69f43a17 FcConfigAddDirList
  - [pid=3092][err] #10 0x556d69f43962 IA__FcConfigBuildFonts
  - [pid=3092][err] #11 0x556d69f52c91 IA__FcInitLoadConfigAndFonts
  - [pid=3092][err] #12 0x556d69f42eb1 FcConfigInit
  - [pid=3092][err] #13 0x556d6a7e0e55 base::NoDestructor<>::NoDestructor<>()
  - [pid=3092][err] #14 0x556d6a7e0de6 base::internal::Invoker<>::RunOnce()
  - [pid=3092][err] #15 0x556d6950787f base::TaskAnnotator::RunTaskImpl()
  - [pid=3092][err] #16 0x556d6952a287 base::internal::TaskTracker::RunTaskImpl()
  - [pid=3092][err] #17 0x556d6952a321 base::internal::TaskTracker::RunSkipOnShutdown()
  - [pid=3092][err] #18 0x556d6952a006 base::internal::TaskTracker::RunTask()
  - [pid=3092][err] #19 0x556d69529b76 base::internal::TaskTracker::RunAndPopNextTask()
  - [pid=3092][err] #20 0x556d6953c848 base::internal::WorkerThread::RunWorker()
  - [pid=3092][err] #21 0x556d6953c46d base::internal::WorkerThread::RunPooledWorker()
  - [pid=3092][err] #22 0x556d6953c36d base::internal::WorkerThread::ThreadMain()
  - [pid=3092][err] #23 0x556d69558fbf base::(anonymous namespace)::ThreadFunc()
  - [pid=3092][err] #24 0x7f0c56c94ac3 (/usr/lib/x86_64-linux-gnu/libc.so.6+0x94ac2)
  - [pid=3092][err] #25 0x7f0c56d26850 (/usr/lib/x86_64-linux-gnu/libc.so.6+0x12684f)
  - [pid=3092][err]   r8: 000000000006c000  r9: 000002300006d900 r10: 0000556d705b0dc0 r11: aaaaaaaaaaaaaaaa
  - [pid=3092][err]  r12: 00dc2200782a0000 r13: 0000000000000011 r14: 000000000000000f r15: 0000556d626322c4
  - [pid=3092][err]   di: 0000556d626322c2  si: 0000000000000000  bp: 0000000000004f53  bx: 00002a780022c800
  - [pid=3092][err]   dx: 0000556d626322c2  ax: 0000000000000011  cx: c0d7060030020000  sp: 00007f0c521fbb80
  - [pid=3092][err]   ip: 00007f0c56c44c1d efl: 0000000000010206 cgf: 002b000000000033 erf: 0000000000000000
  - [pid=3092][err]  trp: 000000000000000d msk: 0000000000000000 cr2: 0000000000000000
  - [pid=3092][err] [end of stack trace]

